<?xml version="1.0" encoding="UTF-8"?>
<!-- Generated by org.testng.reporters.JUnitReportReporter -->
<testsuite hostname="DESKTOP-O57C1SM" failures="0" tests="1" name="test_1.Login" time="7.328" errors="0" timestamp="2022-05-26T19:16:17 COT" skipped="0">
  <testcase classname="test_1.Login" name="loginAutofinance" time="7.328"/>
  <system-out/>
</testsuite> <!-- test_1.Login -->
