<?xml version="1.0" encoding="UTF-8"?>
<!-- Generated by org.testng.reporters.JUnitReportReporter -->
<testsuite hostname="DESKTOP-O57C1SM" failures="0" tests="2" name="test_1.CustomerFeasibility" time="23.082" errors="0" timestamp="2022-05-27T10:33:45 COT" skipped="0">
  <testcase classname="test_1.CustomerFeasibility" name="loginAutofinance" time="8.344"/>
  <system-out/>
  <testcase classname="test_1.CustomerFeasibility" name="feasibility" time="14.738"/>
  <system-out/>
</testsuite> <!-- test_1.CustomerFeasibility -->
