<?xml version="1.0" encoding="UTF-8"?>
<!-- Generated by org.testng.reporters.JUnitReportReporter -->
<testsuite hostname="DESKTOP-O57C1SM" failures="0" tests="1" name="test_1.OlvidoContraseña" time="8.367" errors="0" timestamp="2022-05-17T23:27:01 COT" skipped="0">
  <testcase classname="test_1.OlvidoContraseña" name="loginAutofinance" time="8.367"/>
  <system-out/>
</testsuite> <!-- test_1.OlvidoContraseña -->
