<?xml version="1.0" encoding="UTF-8"?>
<!-- Generated by org.testng.reporters.JUnitReportReporter -->
<testsuite hostname="DESKTOP-O57C1SM" failures="0" tests="1" name="test_1.ForgotPassword" time="8.314" errors="0" timestamp="2022-05-17T23:34:31 COT" skipped="0">
  <testcase classname="test_1.ForgotPassword" name="forgotPassword" time="8.314"/>
  <system-out/>
</testsuite> <!-- test_1.ForgotPassword -->
