<?xml version="1.0" encoding="UTF-8"?>
<!-- Generated by org.testng.reporters.JUnitReportReporter -->
<testsuite hostname="DESKTOP-O57C1SM" failures="0" tests="1" name="test_1.Login_1" time="7.309" errors="0" timestamp="2022-05-26T17:44:27 COT" skipped="0">
  <testcase classname="test_1.Login_1" name="loginAutofinance" time="7.309"/>
  <system-out/>
</testsuite> <!-- test_1.Login_1 -->
